C:\USERS\CYBERHAWK\DOCUMENTS\VISUAL STUDIO 2010\PROJECTS\MUSTANGMODEL\DEBUG\MUSTANGMODEL.EXE
C:\USERS\CYBERHAWK\DOCUMENTS\VISUAL STUDIO 2010\PROJECTS\MUSTANGMODEL\DEBUG\MUSTANGMODEL.PDB
C:\Users\Cyberhawk\Documents\Visual Studio 2010\Projects\MustangModel\MustangModel\Debug\cl.command.1.tlog
C:\Users\Cyberhawk\Documents\Visual Studio 2010\Projects\MustangModel\MustangModel\Debug\CL.read.1.tlog
C:\Users\Cyberhawk\Documents\Visual Studio 2010\Projects\MustangModel\MustangModel\Debug\CL.write.1.tlog
C:\Users\Cyberhawk\Documents\Visual Studio 2010\Projects\MustangModel\MustangModel\Debug\link.command.1.tlog
C:\Users\Cyberhawk\Documents\Visual Studio 2010\Projects\MustangModel\MustangModel\Debug\link.read.1.tlog
C:\Users\Cyberhawk\Documents\Visual Studio 2010\Projects\MustangModel\MustangModel\Debug\link.write.1.tlog
C:\Users\Cyberhawk\Documents\Visual Studio 2010\Projects\MustangModel\MustangModel\Debug\link-cvtres.read.1.tlog
C:\Users\Cyberhawk\Documents\Visual Studio 2010\Projects\MustangModel\MustangModel\Debug\link-cvtres.write.1.tlog
C:\Users\Cyberhawk\Documents\Visual Studio 2010\Projects\MustangModel\MustangModel\Debug\mt.command.1.tlog
C:\Users\Cyberhawk\Documents\Visual Studio 2010\Projects\MustangModel\MustangModel\Debug\mt.read.1.tlog
C:\Users\Cyberhawk\Documents\Visual Studio 2010\Projects\MustangModel\MustangModel\Debug\mt.write.1.tlog
C:\USERS\CYBERHAWK\DOCUMENTS\VISUAL STUDIO 2010\PROJECTS\MUSTANGMODEL\MUSTANGMODEL\DEBUG\MUSTANGMODEL.EXE.INTERMEDIATE.MANIFEST
C:\USERS\CYBERHAWK\DOCUMENTS\VISUAL STUDIO 2010\PROJECTS\MUSTANGMODEL\MUSTANGMODEL\DEBUG\MUSTANGMODEL.OBJ
C:\USERS\CYBERHAWK\DOCUMENTS\VISUAL STUDIO 2010\PROJECTS\MUSTANGMODEL\MUSTANGMODEL\DEBUG\MUSTANGMODEL.PCH
C:\USERS\CYBERHAWK\DOCUMENTS\VISUAL STUDIO 2010\PROJECTS\MUSTANGMODEL\MUSTANGMODEL\DEBUG\MUSTANGMODEL.RES
C:\Users\Cyberhawk\Documents\Visual Studio 2010\Projects\MustangModel\MustangModel\Debug\MustangModel.vcxprojResolveAssemblyReference.cache
C:\Users\Cyberhawk\Documents\Visual Studio 2010\Projects\MustangModel\MustangModel\Debug\MustangModel.write.1.tlog
C:\Users\Cyberhawk\Documents\Visual Studio 2010\Projects\MustangModel\MustangModel\Debug\rc.command.1.tlog
C:\Users\Cyberhawk\Documents\Visual Studio 2010\Projects\MustangModel\MustangModel\Debug\rc.read.1.tlog
C:\Users\Cyberhawk\Documents\Visual Studio 2010\Projects\MustangModel\MustangModel\Debug\rc.write.1.tlog
C:\USERS\CYBERHAWK\DOCUMENTS\VISUAL STUDIO 2010\PROJECTS\MUSTANGMODEL\MUSTANGMODEL\DEBUG\STDAFX.OBJ
C:\Users\Cyberhawk\Documents\Visual Studio 2010\Projects\MustangModel\MustangModel\Debug\vc100.idb
C:\USERS\CYBERHAWK\DOCUMENTS\VISUAL STUDIO 2010\PROJECTS\MUSTANGMODEL\MUSTANGMODEL\DEBUG\VC100.PDB
